<?xml version="1.0" encoding="UTF-8"?>
<!-- Generated by org.testng.reporters.JUnitReportReporter -->
<testsuite hostname="DESKTOP-H1SPN5Q" failures="0" tests="4" name="AutoShopTest" time="35.531" errors="0" timestamp="2022-06-04T21:10:31 YEKT" skipped="0">
  <testcase classname="AutoShopTest" name="test3" time="12.848"/>
  <system-out/>
  <testcase classname="AutoShopTest" name="test4" time="13.129"/>
  <system-out/>
  <testcase classname="AutoShopTest" name="test2" time="5.050"/>
  <system-out/>
  <testcase classname="AutoShopTest" name="test1" time="4.504"/>
  <system-out/>
</testsuite> <!-- AutoShopTest -->
