<?xml version="1.0" encoding="UTF-8"?>
<!-- Generated by org.testng.reporters.JUnitReportReporter -->
<testsuite hostname="DESKTOP-H1SPN5Q" failures="0" tests="3" name="AutoShopTest" time="28.135" errors="0" timestamp="2022-05-24T22:54:21 YEKT" skipped="0">
  <testcase classname="AutoShopTest" name="test1" time="5.167"/>
  <system-out/>
  <testcase classname="AutoShopTest" name="test3" time="16.342"/>
  <system-out/>
  <testcase classname="AutoShopTest" name="test2" time="6.626"/>
  <system-out/>
</testsuite> <!-- AutoShopTest -->
