<?xml version="1.0" encoding="UTF-8"?>
<!-- Generated by org.testng.reporters.JUnitReportReporter -->
<testsuite skipped="0" hostname="DESKTOP-H1SPN5Q" name="AutoShopTest" tests="3" failures="0" timestamp="2022-05-24T21:19:03 YEKT" time="26.993" errors="0">
  <testcase name="test1" time="5.076" classname="AutoShopTest"/>
  <system-out/>
  <testcase name="test2" time="6.553" classname="AutoShopTest"/>
  <system-out/>
  <testcase name="test3" time="15.364" classname="AutoShopTest"/>
  <system-out/>
</testsuite> <!-- AutoShopTest -->
